<?xml version="1.0" encoding="UTF-8"?>
<testng-results ignored="0" total="3" passed="3" failed="0" skipped="0">
  <reporter-output>
  </reporter-output>
  <suite started-at="2024-01-10T19:56:23 EET" name="All Test Suite" finished-at="2024-01-10T19:56:23 EET" duration-ms="0">
    <groups>
    </groups>
  </suite> <!-- All Test Suite -->
  <suite started-at="2024-01-10T19:55:36 EET" name="All Test Suite (0)" finished-at="2024-01-10T19:56:22 EET" duration-ms="45691">
    <groups>
    </groups>
    <test started-at="2024-01-10T19:55:36 EET" name="Register New User" finished-at="2024-01-10T19:55:50 EET" duration-ms="13126">
      <class name="testcase.TC01_RegisterNewUser">
        <test-method is-config="true" signature="setupDriver(java.lang.String)[pri:0, instance:testcase.TC01_RegisterNewUser@1cde374]" started-at="2024-01-10T19:55:36 EET" name="setupDriver" finished-at="2024-01-10T19:55:44 EET" duration-ms="7639" status="PASS">
          <params>
            <param index="0">
              <value>
                <![CDATA[]]>
              </value>
            </param>
          </params>
          <reporter-output>
          </reporter-output>
        </test-method> <!-- setupDriver -->
        <test-method signature="registerNewUser()[pri:0, instance:testcase.TC01_RegisterNewUser@1cde374]" started-at="2024-01-10T19:55:44 EET" name="registerNewUser" finished-at="2024-01-10T19:55:48 EET" duration-ms="4134" status="PASS">
          <reporter-output>
          </reporter-output>
        </test-method> <!-- registerNewUser -->
        <test-method is-config="true" signature="getResult(org.testng.ITestResult)[pri:0, instance:testcase.TC01_RegisterNewUser@1cde374]" started-at="2024-01-10T19:55:48 EET" name="getResult" finished-at="2024-01-10T19:55:48 EET" duration-ms="21" status="PASS">
          <params>
            <param index="0">
              <value>
                <![CDATA[[TestResult name=registerNewUser status=SUCCESS method=TC01_RegisterNewUser.registerNewUser()[pri:0, instance:testcase.TC01_RegisterNewUser@1cde374] output={null}]]]>
              </value>
            </param>
          </params>
          <reporter-output>
          </reporter-output>
        </test-method> <!-- getResult -->
        <test-method is-config="true" signature="tearDown()[pri:0, instance:testcase.TC01_RegisterNewUser@1cde374]" started-at="2024-01-10T19:55:49 EET" name="tearDown" finished-at="2024-01-10T19:55:50 EET" duration-ms="1062" status="PASS">
          <reporter-output>
          </reporter-output>
        </test-method> <!-- tearDown -->
      </class> <!-- testcase.TC01_RegisterNewUser -->
    </test> <!-- Register New User -->
    <test started-at="2024-01-10T19:55:50 EET" name="Login system" finished-at="2024-01-10T19:55:58 EET" duration-ms="8523">
      <class name="testcase.TC02_Login">
        <test-method is-config="true" signature="setupDriver(java.lang.String)[pri:0, instance:testcase.TC02_Login@69feb4d9]" started-at="2024-01-10T19:55:50 EET" name="setupDriver" finished-at="2024-01-10T19:55:54 EET" duration-ms="4252" status="PASS">
          <params>
            <param index="0">
              <value>
                <![CDATA[]]>
              </value>
            </param>
          </params>
          <reporter-output>
          </reporter-output>
        </test-method> <!-- setupDriver -->
        <test-method signature="loginWithRegisterUser_P()[pri:0, instance:testcase.TC02_Login@69feb4d9]" started-at="2024-01-10T19:55:54 EET" name="loginWithRegisterUser_P" finished-at="2024-01-10T19:55:57 EET" duration-ms="3485" status="PASS">
          <reporter-output>
          </reporter-output>
        </test-method> <!-- loginWithRegisterUser_P -->
        <test-method is-config="true" signature="getResult(org.testng.ITestResult)[pri:0, instance:testcase.TC02_Login@69feb4d9]" started-at="2024-01-10T19:55:57 EET" name="getResult" finished-at="2024-01-10T19:55:57 EET" duration-ms="1" status="PASS">
          <params>
            <param index="0">
              <value>
                <![CDATA[[TestResult name=loginWithRegisterUser_P status=SUCCESS method=TC02_Login.loginWithRegisterUser_P()[pri:0, instance:testcase.TC02_Login@69feb4d9] output={null}]]]>
              </value>
            </param>
          </params>
          <reporter-output>
          </reporter-output>
        </test-method> <!-- getResult -->
        <test-method is-config="true" signature="tearDown()[pri:0, instance:testcase.TC02_Login@69feb4d9]" started-at="2024-01-10T19:55:57 EET" name="tearDown" finished-at="2024-01-10T19:55:58 EET" duration-ms="781" status="PASS">
          <reporter-output>
          </reporter-output>
        </test-method> <!-- tearDown -->
      </class> <!-- testcase.TC02_Login -->
    </test> <!-- Login system -->
    <test started-at="2024-01-10T19:55:58 EET" name="Create order" finished-at="2024-01-10T19:56:22 EET" duration-ms="24012">
      <class name="testcase.TC03_CreateOrder">
        <test-method is-config="true" signature="defineSuite()[pri:0, instance:testcase.TC03_CreateOrder@52f43225]" started-at="2024-01-10T19:55:35 EET" name="defineSuite" finished-at="2024-01-10T19:55:36 EET" duration-ms="1289" status="PASS">
          <reporter-output>
          </reporter-output>
        </test-method> <!-- defineSuite -->
        <test-method is-config="true" signature="setupDriver(java.lang.String)[pri:0, instance:testcase.TC03_CreateOrder@52f43225]" started-at="2024-01-10T19:55:58 EET" name="setupDriver" finished-at="2024-01-10T19:56:02 EET" duration-ms="3749" status="PASS">
          <params>
            <param index="0">
              <value>
                <![CDATA[]]>
              </value>
            </param>
          </params>
          <reporter-output>
          </reporter-output>
        </test-method> <!-- setupDriver -->
        <test-method signature="createOrder()[pri:0, instance:testcase.TC03_CreateOrder@52f43225]" started-at="2024-01-10T19:56:02 EET" name="createOrder" finished-at="2024-01-10T19:56:21 EET" duration-ms="19183" status="PASS">
          <reporter-output>
          </reporter-output>
        </test-method> <!-- createOrder -->
        <test-method is-config="true" signature="getResult(org.testng.ITestResult)[pri:0, instance:testcase.TC03_CreateOrder@52f43225]" started-at="2024-01-10T19:56:21 EET" name="getResult" finished-at="2024-01-10T19:56:21 EET" duration-ms="3" status="PASS">
          <params>
            <param index="0">
              <value>
                <![CDATA[[TestResult name=createOrder status=SUCCESS method=TC03_CreateOrder.createOrder()[pri:0, instance:testcase.TC03_CreateOrder@52f43225] output={null}]]]>
              </value>
            </param>
          </params>
          <reporter-output>
          </reporter-output>
        </test-method> <!-- getResult -->
        <test-method is-config="true" signature="tearDown()[pri:0, instance:testcase.TC03_CreateOrder@52f43225]" started-at="2024-01-10T19:56:21 EET" name="tearDown" finished-at="2024-01-10T19:56:22 EET" duration-ms="1071" status="PASS">
          <reporter-output>
          </reporter-output>
        </test-method> <!-- tearDown -->
        <test-method is-config="true" signature="endSuite()[pri:0, instance:testcase.TC03_CreateOrder@52f43225]" started-at="2024-01-10T19:56:22 EET" name="endSuite" finished-at="2024-01-10T19:56:23 EET" duration-ms="848" status="PASS">
          <reporter-output>
          </reporter-output>
        </test-method> <!-- endSuite -->
      </class> <!-- testcase.TC03_CreateOrder -->
    </test> <!-- Create order -->
  </suite> <!-- All Test Suite (0) -->
</testng-results>
